<?xml version="1.0" encoding="UTF-8"?>
<!-- Generated by org.testng.reporters.JUnitReportReporter -->
<testsuite hostname="Window" failures="0" tests="6" name="api.test.CreateUserFromXlData" time="15.293" errors="0" timestamp="2025-05-06T12:06:16 IST" skipped="0">
  <testcase classname="api.test.CreateUserFromXlData" name="testCreateUser" time="5.009"/>
  <testcase classname="api.test.CreateUserFromXlData" name="testCreateUser" time="2.709"/>
  <testcase classname="api.test.CreateUserFromXlData" name="testCreateUser" time="2.911"/>
  <testcase classname="api.test.CreateUserFromXlData" name="testDeleteUser" time="1.501"/>
  <testcase classname="api.test.CreateUserFromXlData" name="testDeleteUser" time="1.648"/>
  <testcase classname="api.test.CreateUserFromXlData" name="testDeleteUser" time="1.515"/>
</testsuite> <!-- api.test.CreateUserFromXlData -->
