<?xml version="1.0" encoding="UTF-8"?>
<!-- Generated by org.testng.reporters.JUnitReportReporter -->
<testsuite hostname="Window" failures="0" tests="3" name="api.test.PetTest" time="11.469" errors="0" timestamp="2025-05-06T16:13:58 IST" skipped="0">
  <testcase classname="api.test.PetTest" name="testPostPet" time="5.611"/>
  <testcase classname="api.test.PetTest" name="testPostPet" time="2.779"/>
  <testcase classname="api.test.PetTest" name="testPostPet" time="3.079"/>
</testsuite> <!-- api.test.PetTest -->
